{"C:\\Users\\PeikV\\Documents\\GitHub\\Full-Stack-Open-Part5\\src\\App.jsx": {"path":"C:\\Users\\PeikV\\Documents\\GitHub\\Full-Stack-Open-Part5\\src\\App.jsx","statementMap":{"0":{"start":{"line":9,"column":12},"end":{"line":71,"column":1}},"1":{"start":{"line":10,"column":42},"end":{"line":10,"column":54}},"2":{"start":{"line":11,"column":50},"end":{"line":11,"column":62}},"3":{"start":{"line":12,"column":26},"end":{"line":12,"column":40}},"4":{"start":{"line":13,"column":40},"end":{"line":13,"column":51}},"5":{"start":{"line":15,"column":28},"end":{"line":15,"column":36}},"6":{"start":{"line":17,"column":20},"end":{"line":25,"column":3}},"7":{"start":{"line":19,"column":4},"end":{"line":23,"column":6}},"8":{"start":{"line":27,"column":25},"end":{"line":37,"column":3}},"9":{"start":{"line":28,"column":4},"end":{"line":36,"column":16}},"10":{"start":{"line":39,"column":19},"end":{"line":45,"column":3}},"11":{"start":{"line":40,"column":4},"end":{"line":44,"column":6}},"12":{"start":{"line":47,"column":23},"end":{"line":53,"column":3}},"13":{"start":{"line":48,"column":4},"end":{"line":52,"column":6}},"14":{"start":{"line":55,"column":2},"end":{"line":70,"column":3}}},"fnMap":{"0":{"name":"(anonymous_0)","decl":{"start":{"line":9,"column":12},"end":{"line":9,"column":13}},"loc":{"start":{"line":9,"column":18},"end":{"line":71,"column":1}},"line":9},"1":{"name":"(anonymous_1)","decl":{"start":{"line":17,"column":20},"end":{"line":17,"column":21}},"loc":{"start":{"line":19,"column":4},"end":{"line":23,"column":6}},"line":19},"2":{"name":"(anonymous_2)","decl":{"start":{"line":27,"column":25},"end":{"line":27,"column":26}},"loc":{"start":{"line":28,"column":4},"end":{"line":36,"column":16}},"line":28},"3":{"name":"(anonymous_3)","decl":{"start":{"line":39,"column":19},"end":{"line":39,"column":20}},"loc":{"start":{"line":40,"column":4},"end":{"line":44,"column":6}},"line":40},"4":{"name":"(anonymous_4)","decl":{"start":{"line":47,"column":23},"end":{"line":47,"column":24}},"loc":{"start":{"line":48,"column":4},"end":{"line":52,"column":6}},"line":48}},"branchMap":{"0":{"loc":{"start":{"line":61,"column":7},"end":{"line":61,"column":35}},"type":"binary-expr","locations":[{"start":{"line":61,"column":7},"end":{"line":61,"column":20}},{"start":{"line":61,"column":24},"end":{"line":61,"column":35}}],"line":61},"1":{"loc":{"start":{"line":62,"column":7},"end":{"line":62,"column":90}},"type":"binary-expr","locations":[{"start":{"line":62,"column":7},"end":{"line":62,"column":11}},{"start":{"line":62,"column":15},"end":{"line":62,"column":90}}],"line":62},"2":{"loc":{"start":{"line":63,"column":7},"end":{"line":67,"column":12}},"type":"binary-expr","locations":[{"start":{"line":63,"column":7},"end":{"line":63,"column":11}},{"start":{"line":64,"column":6},"end":{"line":67,"column":12}}],"line":63}},"s":{"0":0,"1":0,"2":0,"3":0,"4":0,"5":0,"6":0,"7":0,"8":0,"9":0,"10":0,"11":0,"12":0,"13":0,"14":0},"f":{"0":0,"1":0,"2":0,"3":0,"4":0},"b":{"0":[0,0],"1":[0,0],"2":[0,0]}}
,"C:\\Users\\PeikV\\Documents\\GitHub\\Full-Stack-Open-Part5\\src\\main.jsx": {"path":"C:\\Users\\PeikV\\Documents\\GitHub\\Full-Stack-Open-Part5\\src\\main.jsx","statementMap":{"0":{"start":{"line":4,"column":0},"end":{"line":4,"column":68}}},"fnMap":{},"branchMap":{},"s":{"0":0},"f":{},"b":{}}
,"C:\\Users\\PeikV\\Documents\\GitHub\\Full-Stack-Open-Part5\\src\\components\\AllBlogs.jsx": {"path":"C:\\Users\\PeikV\\Documents\\GitHub\\Full-Stack-Open-Part5\\src\\components\\AllBlogs.jsx","statementMap":{"0":{"start":{"line":4,"column":17},"end":{"line":15,"column":1}},"1":{"start":{"line":5,"column":28},"end":{"line":5,"column":40}},"2":{"start":{"line":6,"column":2},"end":{"line":10,"column":19}},"3":{"start":{"line":7,"column":4},"end":{"line":9,"column":5}},"4":{"start":{"line":8,"column":6},"end":{"line":8,"column":21}},"5":{"start":{"line":11,"column":22},"end":{"line":11,"column":66}},"6":{"start":{"line":11,"column":48},"end":{"line":11,"column":65}},"7":{"start":{"line":12,"column":2},"end":{"line":14,"column":3}},"8":{"start":{"line":13,"column":28},"end":{"line":13,"column":132}}},"fnMap":{"0":{"name":"(anonymous_0)","decl":{"start":{"line":4,"column":17},"end":{"line":4,"column":18}},"loc":{"start":{"line":4,"column":60},"end":{"line":15,"column":1}},"line":4},"1":{"name":"(anonymous_1)","decl":{"start":{"line":6,"column":12},"end":{"line":6,"column":13}},"loc":{"start":{"line":6,"column":18},"end":{"line":10,"column":3}},"line":6},"2":{"name":"(anonymous_2)","decl":{"start":{"line":7,"column":30},"end":{"line":7,"column":31}},"loc":{"start":{"line":8,"column":6},"end":{"line":8,"column":21}},"line":8},"3":{"name":"(anonymous_3)","decl":{"start":{"line":11,"column":38},"end":{"line":11,"column":39}},"loc":{"start":{"line":11,"column":48},"end":{"line":11,"column":65}},"line":11},"4":{"name":"(anonymous_4)","decl":{"start":{"line":13,"column":20},"end":{"line":13,"column":21}},"loc":{"start":{"line":13,"column":28},"end":{"line":13,"column":132}},"line":13}},"branchMap":{},"s":{"0":0,"1":0,"2":0,"3":0,"4":0,"5":0,"6":0,"7":0,"8":0},"f":{"0":0,"1":0,"2":0,"3":0,"4":0},"b":{}}
,"C:\\Users\\PeikV\\Documents\\GitHub\\Full-Stack-Open-Part5\\src\\components\\Blog.jsx": {"path":"C:\\Users\\PeikV\\Documents\\GitHub\\Full-Stack-Open-Part5\\src\\components\\Blog.jsx","statementMap":{"0":{"start":{"line":5,"column":13},"end":{"line":28,"column":1}},"1":{"start":{"line":6,"column":20},"end":{"line":12,"column":3}},"2":{"start":{"line":13,"column":18},"end":{"line":13,"column":26}},"3":{"start":{"line":14,"column":2},"end":{"line":27,"column":3}}},"fnMap":{"0":{"name":"(anonymous_0)","decl":{"start":{"line":5,"column":13},"end":{"line":5,"column":14}},"loc":{"start":{"line":5,"column":62},"end":{"line":28,"column":1}},"line":5}},"branchMap":{"0":{"loc":{"start":{"line":23,"column":11},"end":{"line":23,"column":129}},"type":"binary-expr","locations":[{"start":{"line":23,"column":11},"end":{"line":23,"column":35}},{"start":{"line":23,"column":39},"end":{"line":23,"column":129}}],"line":23}},"s":{"0":1,"1":1,"2":1,"3":1},"f":{"0":1},"b":{"0":[1,1]},"_coverageSchema":"1a1c01bbd47fc00a2c39e90264f33305004495a9","hash":"8c8460d4c23b6df9731effdbee670ef3f0a8917f"}
,"C:\\Users\\PeikV\\Documents\\GitHub\\Full-Stack-Open-Part5\\src\\components\\CreateBlogForm.jsx": {"path":"C:\\Users\\PeikV\\Documents\\GitHub\\Full-Stack-Open-Part5\\src\\components\\CreateBlogForm.jsx","statementMap":{"0":{"start":{"line":3,"column":23},"end":{"line":64,"column":1}},"1":{"start":{"line":4,"column":28},"end":{"line":4,"column":40}},"2":{"start":{"line":5,"column":30},"end":{"line":5,"column":42}},"3":{"start":{"line":6,"column":24},"end":{"line":6,"column":36}},"4":{"start":{"line":8,"column":27},"end":{"line":31,"column":3}},"5":{"start":{"line":9,"column":4},"end":{"line":9,"column":26}},"6":{"start":{"line":10,"column":4},"end":{"line":30,"column":5}},"7":{"start":{"line":11,"column":19},"end":{"line":13,"column":8}},"8":{"start":{"line":14,"column":6},"end":{"line":14,"column":19}},"9":{"start":{"line":15,"column":6},"end":{"line":15,"column":18}},"10":{"start":{"line":16,"column":6},"end":{"line":16,"column":16}},"11":{"start":{"line":17,"column":6},"end":{"line":17,"column":50}},"12":{"start":{"line":18,"column":6},"end":{"line":18,"column":53}},"13":{"start":{"line":19,"column":6},"end":{"line":19,"column":36}},"14":{"start":{"line":20,"column":6},"end":{"line":20,"column":37}},"15":{"start":{"line":21,"column":6},"end":{"line":23,"column":14}},"16":{"start":{"line":22,"column":8},"end":{"line":22,"column":29}},"17":{"start":{"line":25,"column":6},"end":{"line":25,"column":44}},"18":{"start":{"line":26,"column":6},"end":{"line":26,"column":34}},"19":{"start":{"line":27,"column":6},"end":{"line":29,"column":14}},"20":{"start":{"line":28,"column":8},"end":{"line":28,"column":29}},"21":{"start":{"line":32,"column":2},"end":{"line":63,"column":3}},"22":{"start":{"line":40,"column":36},"end":{"line":40,"column":58}},"23":{"start":{"line":49,"column":36},"end":{"line":49,"column":59}},"24":{"start":{"line":58,"column":36},"end":{"line":58,"column":56}}},"fnMap":{"0":{"name":"(anonymous_0)","decl":{"start":{"line":3,"column":23},"end":{"line":3,"column":24}},"loc":{"start":{"line":3,"column":117},"end":{"line":64,"column":1}},"line":3},"1":{"name":"(anonymous_1)","decl":{"start":{"line":8,"column":27},"end":{"line":8,"column":28}},"loc":{"start":{"line":8,"column":44},"end":{"line":31,"column":3}},"line":8},"2":{"name":"(anonymous_2)","decl":{"start":{"line":21,"column":17},"end":{"line":21,"column":18}},"loc":{"start":{"line":21,"column":23},"end":{"line":23,"column":7}},"line":21},"3":{"name":"(anonymous_3)","decl":{"start":{"line":27,"column":17},"end":{"line":27,"column":18}},"loc":{"start":{"line":27,"column":23},"end":{"line":29,"column":7}},"line":27},"4":{"name":"(anonymous_4)","decl":{"start":{"line":40,"column":20},"end":{"line":40,"column":21}},"loc":{"start":{"line":40,"column":36},"end":{"line":40,"column":58}},"line":40},"5":{"name":"(anonymous_5)","decl":{"start":{"line":49,"column":20},"end":{"line":49,"column":21}},"loc":{"start":{"line":49,"column":36},"end":{"line":49,"column":59}},"line":49},"6":{"name":"(anonymous_6)","decl":{"start":{"line":58,"column":20},"end":{"line":58,"column":21}},"loc":{"start":{"line":58,"column":36},"end":{"line":58,"column":56}},"line":58}},"branchMap":{},"s":{"0":1,"1":1,"2":1,"3":1,"4":1,"5":0,"6":0,"7":0,"8":0,"9":0,"10":0,"11":0,"12":0,"13":0,"14":0,"15":0,"16":0,"17":0,"18":0,"19":0,"20":0,"21":1,"22":0,"23":0,"24":0},"f":{"0":1,"1":0,"2":0,"3":0,"4":0,"5":0,"6":0},"b":{},"_coverageSchema":"1a1c01bbd47fc00a2c39e90264f33305004495a9","hash":"9e153d7613d8e9297aecfa7483ad08ec4e158d59"}
,"C:\\Users\\PeikV\\Documents\\GitHub\\Full-Stack-Open-Part5\\src\\components\\LikeButton.jsx": {"path":"C:\\Users\\PeikV\\Documents\\GitHub\\Full-Stack-Open-Part5\\src\\components\\LikeButton.jsx","statementMap":{"0":{"start":{"line":2,"column":19},"end":{"line":29,"column":1}},"1":{"start":{"line":3,"column":16},"end":{"line":3,"column":26}},"2":{"start":{"line":4,"column":17},"end":{"line":4,"column":28}},"3":{"start":{"line":5,"column":14},"end":{"line":5,"column":22}},"4":{"start":{"line":6,"column":16},"end":{"line":6,"column":30}},"5":{"start":{"line":7,"column":17},"end":{"line":7,"column":24}},"6":{"start":{"line":8,"column":15},"end":{"line":8,"column":24}},"7":{"start":{"line":9,"column":21},"end":{"line":23,"column":3}},"8":{"start":{"line":10,"column":4},"end":{"line":10,"column":26}},"9":{"start":{"line":11,"column":4},"end":{"line":22,"column":5}},"10":{"start":{"line":12,"column":19},"end":{"line":14,"column":8}},"11":{"start":{"line":15,"column":6},"end":{"line":15,"column":37}},"12":{"start":{"line":16,"column":6},"end":{"line":18,"column":14}},"13":{"start":{"line":17,"column":8},"end":{"line":17,"column":25}},"14":{"start":{"line":20,"column":6},"end":{"line":21,"column":14}},"15":{"start":{"line":24,"column":2},"end":{"line":28,"column":3}}},"fnMap":{"0":{"name":"(anonymous_0)","decl":{"start":{"line":2,"column":19},"end":{"line":2,"column":20}},"loc":{"start":{"line":2,"column":62},"end":{"line":29,"column":1}},"line":2},"1":{"name":"(anonymous_1)","decl":{"start":{"line":9,"column":21},"end":{"line":9,"column":22}},"loc":{"start":{"line":9,"column":38},"end":{"line":23,"column":3}},"line":9},"2":{"name":"(anonymous_2)","decl":{"start":{"line":16,"column":17},"end":{"line":16,"column":18}},"loc":{"start":{"line":16,"column":23},"end":{"line":18,"column":7}},"line":16},"3":{"name":"(anonymous_3)","decl":{"start":{"line":20,"column":17},"end":{"line":20,"column":18}},"loc":{"start":{"line":20,"column":23},"end":{"line":21,"column":7}},"line":20}},"branchMap":{},"s":{"0":1,"1":1,"2":1,"3":1,"4":1,"5":1,"6":1,"7":1,"8":0,"9":0,"10":0,"11":0,"12":0,"13":0,"14":0,"15":1},"f":{"0":1,"1":0,"2":0,"3":0},"b":{},"_coverageSchema":"1a1c01bbd47fc00a2c39e90264f33305004495a9","hash":"e45ca1f3f85225bcdbcb2298b34c4f5463774b7b"}
,"C:\\Users\\PeikV\\Documents\\GitHub\\Full-Stack-Open-Part5\\src\\components\\LoginForm.jsx": {"path":"C:\\Users\\PeikV\\Documents\\GitHub\\Full-Stack-Open-Part5\\src\\components\\LoginForm.jsx","statementMap":{"0":{"start":{"line":5,"column":18},"end":{"line":68,"column":1}},"1":{"start":{"line":6,"column":34},"end":{"line":6,"column":46}},"2":{"start":{"line":7,"column":34},"end":{"line":7,"column":46}},"3":{"start":{"line":9,"column":2},"end":{"line":16,"column":8}},"4":{"start":{"line":10,"column":27},"end":{"line":10,"column":62}},"5":{"start":{"line":11,"column":4},"end":{"line":15,"column":5}},"6":{"start":{"line":12,"column":19},"end":{"line":12,"column":45}},"7":{"start":{"line":13,"column":6},"end":{"line":13,"column":38}},"8":{"start":{"line":14,"column":6},"end":{"line":14,"column":19}},"9":{"start":{"line":18,"column":22},"end":{"line":44,"column":3}},"10":{"start":{"line":19,"column":4},"end":{"line":19,"column":26}},"11":{"start":{"line":20,"column":4},"end":{"line":43,"column":5}},"12":{"start":{"line":21,"column":19},"end":{"line":23,"column":8}},"13":{"start":{"line":24,"column":6},"end":{"line":24,"column":63}},"14":{"start":{"line":25,"column":6},"end":{"line":25,"column":38}},"15":{"start":{"line":26,"column":6},"end":{"line":26,"column":19}},"16":{"start":{"line":27,"column":6},"end":{"line":27,"column":21}},"17":{"start":{"line":28,"column":6},"end":{"line":28,"column":21}},"18":{"start":{"line":30,"column":6},"end":{"line":32,"column":7}},"19":{"start":{"line":33,"column":6},"end":{"line":33,"column":36}},"20":{"start":{"line":34,"column":6},"end":{"line":36,"column":14}},"21":{"start":{"line":35,"column":8},"end":{"line":35,"column":29}},"22":{"start":{"line":38,"column":6},"end":{"line":38,"column":42}},"23":{"start":{"line":39,"column":6},"end":{"line":39,"column":34}},"24":{"start":{"line":40,"column":6},"end":{"line":42,"column":14}},"25":{"start":{"line":41,"column":8},"end":{"line":41,"column":29}},"26":{"start":{"line":45,"column":2},"end":{"line":67,"column":3}},"27":{"start":{"line":53,"column":36},"end":{"line":53,"column":61}},"28":{"start":{"line":62,"column":36},"end":{"line":62,"column":61}},"29":{"start":{"line":70,"column":0},"end":{"line":74,"column":1}}},"fnMap":{"0":{"name":"(anonymous_0)","decl":{"start":{"line":5,"column":18},"end":{"line":5,"column":19}},"loc":{"start":{"line":5,"column":73},"end":{"line":68,"column":1}},"line":5},"1":{"name":"(anonymous_1)","decl":{"start":{"line":9,"column":12},"end":{"line":9,"column":13}},"loc":{"start":{"line":9,"column":18},"end":{"line":16,"column":3}},"line":9},"2":{"name":"(anonymous_2)","decl":{"start":{"line":18,"column":22},"end":{"line":18,"column":23}},"loc":{"start":{"line":18,"column":39},"end":{"line":44,"column":3}},"line":18},"3":{"name":"(anonymous_3)","decl":{"start":{"line":34,"column":17},"end":{"line":34,"column":18}},"loc":{"start":{"line":34,"column":23},"end":{"line":36,"column":7}},"line":34},"4":{"name":"(anonymous_4)","decl":{"start":{"line":40,"column":17},"end":{"line":40,"column":18}},"loc":{"start":{"line":40,"column":23},"end":{"line":42,"column":7}},"line":40},"5":{"name":"(anonymous_5)","decl":{"start":{"line":53,"column":20},"end":{"line":53,"column":21}},"loc":{"start":{"line":53,"column":36},"end":{"line":53,"column":61}},"line":53},"6":{"name":"(anonymous_6)","decl":{"start":{"line":62,"column":20},"end":{"line":62,"column":21}},"loc":{"start":{"line":62,"column":36},"end":{"line":62,"column":61}},"line":62}},"branchMap":{"0":{"loc":{"start":{"line":11,"column":4},"end":{"line":15,"column":5}},"type":"if","locations":[{"start":{"line":11,"column":4},"end":{"line":15,"column":5}},{"start":{},"end":{}}],"line":11}},"s":{"0":0,"1":0,"2":0,"3":0,"4":0,"5":0,"6":0,"7":0,"8":0,"9":0,"10":0,"11":0,"12":0,"13":0,"14":0,"15":0,"16":0,"17":0,"18":0,"19":0,"20":0,"21":0,"22":0,"23":0,"24":0,"25":0,"26":0,"27":0,"28":0,"29":0},"f":{"0":0,"1":0,"2":0,"3":0,"4":0,"5":0,"6":0},"b":{"0":[0,0]}}
,"C:\\Users\\PeikV\\Documents\\GitHub\\Full-Stack-Open-Part5\\src\\components\\LogoutButton.jsx": {"path":"C:\\Users\\PeikV\\Documents\\GitHub\\Full-Stack-Open-Part5\\src\\components\\LogoutButton.jsx","statementMap":{"0":{"start":{"line":1,"column":25},"end":{"line":18,"column":1}},"1":{"start":{"line":2,"column":23},"end":{"line":12,"column":3}},"2":{"start":{"line":3,"column":4},"end":{"line":5,"column":5}},"3":{"start":{"line":6,"column":4},"end":{"line":6,"column":34}},"4":{"start":{"line":7,"column":4},"end":{"line":9,"column":12}},"5":{"start":{"line":8,"column":6},"end":{"line":8,"column":27}},"6":{"start":{"line":10,"column":4},"end":{"line":10,"column":42}},"7":{"start":{"line":11,"column":4},"end":{"line":11,"column":28}},"8":{"start":{"line":13,"column":2},"end":{"line":17,"column":3}}},"fnMap":{"0":{"name":"(anonymous_0)","decl":{"start":{"line":1,"column":25},"end":{"line":1,"column":26}},"loc":{"start":{"line":1,"column":77},"end":{"line":18,"column":1}},"line":1},"1":{"name":"(anonymous_1)","decl":{"start":{"line":2,"column":23},"end":{"line":2,"column":24}},"loc":{"start":{"line":2,"column":29},"end":{"line":12,"column":3}},"line":2},"2":{"name":"(anonymous_2)","decl":{"start":{"line":7,"column":15},"end":{"line":7,"column":16}},"loc":{"start":{"line":7,"column":21},"end":{"line":9,"column":5}},"line":7}},"branchMap":{},"s":{"0":0,"1":0,"2":0,"3":0,"4":0,"5":0,"6":0,"7":0,"8":0},"f":{"0":0,"1":0,"2":0},"b":{}}
,"C:\\Users\\PeikV\\Documents\\GitHub\\Full-Stack-Open-Part5\\src\\components\\Notification.jsx": {"path":"C:\\Users\\PeikV\\Documents\\GitHub\\Full-Stack-Open-Part5\\src\\components\\Notification.jsx","statementMap":{"0":{"start":{"line":1,"column":21},"end":{"line":7,"column":1}},"1":{"start":{"line":2,"column":2},"end":{"line":4,"column":3}},"2":{"start":{"line":3,"column":4},"end":{"line":3,"column":15}},"3":{"start":{"line":6,"column":2},"end":{"line":6,"column":63}}},"fnMap":{"0":{"name":"(anonymous_0)","decl":{"start":{"line":1,"column":21},"end":{"line":1,"column":22}},"loc":{"start":{"line":1,"column":61},"end":{"line":7,"column":1}},"line":1}},"branchMap":{"0":{"loc":{"start":{"line":2,"column":2},"end":{"line":4,"column":3}},"type":"if","locations":[{"start":{"line":2,"column":2},"end":{"line":4,"column":3}},{"start":{},"end":{}}],"line":2}},"s":{"0":0,"1":0,"2":0,"3":0},"f":{"0":0},"b":{"0":[0,0]}}
,"C:\\Users\\PeikV\\Documents\\GitHub\\Full-Stack-Open-Part5\\src\\components\\RemoveBlogButton.jsx": {"path":"C:\\Users\\PeikV\\Documents\\GitHub\\Full-Stack-Open-Part5\\src\\components\\RemoveBlogButton.jsx","statementMap":{"0":{"start":{"line":2,"column":25},"end":{"line":25,"column":1}},"1":{"start":{"line":3,"column":17},"end":{"line":3,"column":24}},"2":{"start":{"line":5,"column":21},"end":{"line":19,"column":3}},"3":{"start":{"line":6,"column":4},"end":{"line":6,"column":26}},"4":{"start":{"line":7,"column":4},"end":{"line":18,"column":5}},"5":{"start":{"line":8,"column":6},"end":{"line":17,"column":7}},"6":{"start":{"line":9,"column":21},"end":{"line":9,"column":57}},"7":{"start":{"line":10,"column":8},"end":{"line":10,"column":39}},"8":{"start":{"line":11,"column":8},"end":{"line":13,"column":16}},"9":{"start":{"line":12,"column":10},"end":{"line":12,"column":27}},"10":{"start":{"line":15,"column":8},"end":{"line":16,"column":16}},"11":{"start":{"line":20,"column":2},"end":{"line":24,"column":3}}},"fnMap":{"0":{"name":"(anonymous_0)","decl":{"start":{"line":2,"column":25},"end":{"line":2,"column":26}},"loc":{"start":{"line":2,"column":68},"end":{"line":25,"column":1}},"line":2},"1":{"name":"(anonymous_1)","decl":{"start":{"line":5,"column":21},"end":{"line":5,"column":22}},"loc":{"start":{"line":5,"column":38},"end":{"line":19,"column":3}},"line":5},"2":{"name":"(anonymous_2)","decl":{"start":{"line":11,"column":19},"end":{"line":11,"column":20}},"loc":{"start":{"line":11,"column":25},"end":{"line":13,"column":9}},"line":11},"3":{"name":"(anonymous_3)","decl":{"start":{"line":15,"column":19},"end":{"line":15,"column":20}},"loc":{"start":{"line":15,"column":25},"end":{"line":16,"column":9}},"line":15}},"branchMap":{"0":{"loc":{"start":{"line":7,"column":4},"end":{"line":18,"column":5}},"type":"if","locations":[{"start":{"line":7,"column":4},"end":{"line":18,"column":5}},{"start":{},"end":{}}],"line":7}},"s":{"0":1,"1":1,"2":1,"3":0,"4":0,"5":0,"6":0,"7":0,"8":0,"9":0,"10":0,"11":1},"f":{"0":1,"1":0,"2":0,"3":0},"b":{"0":[0,0]},"_coverageSchema":"1a1c01bbd47fc00a2c39e90264f33305004495a9","hash":"7fdc749b1002c33f80f428ce1ebd27becd4b4e02"}
,"C:\\Users\\PeikV\\Documents\\GitHub\\Full-Stack-Open-Part5\\src\\components\\Togglable.jsx": {"path":"C:\\Users\\PeikV\\Documents\\GitHub\\Full-Stack-Open-Part5\\src\\components\\Togglable.jsx","statementMap":{"0":{"start":{"line":4,"column":18},"end":{"line":27,"column":1}},"1":{"start":{"line":5,"column":32},"end":{"line":5,"column":47}},"2":{"start":{"line":7,"column":26},"end":{"line":7,"column":60}},"3":{"start":{"line":8,"column":26},"end":{"line":8,"column":60}},"4":{"start":{"line":10,"column":27},"end":{"line":12,"column":3}},"5":{"start":{"line":11,"column":4},"end":{"line":11,"column":24}},"6":{"start":{"line":14,"column":2},"end":{"line":14,"column":66}},"7":{"start":{"line":14,"column":36},"end":{"line":14,"column":63}},"8":{"start":{"line":15,"column":2},"end":{"line":25,"column":3}},"9":{"start":{"line":29,"column":0},"end":{"line":31,"column":1}},"10":{"start":{"line":33,"column":0},"end":{"line":33,"column":35}}},"fnMap":{"0":{"name":"(anonymous_0)","decl":{"start":{"line":4,"column":29},"end":{"line":4,"column":30}},"loc":{"start":{"line":4,"column":46},"end":{"line":26,"column":1}},"line":4},"1":{"name":"(anonymous_1)","decl":{"start":{"line":10,"column":27},"end":{"line":10,"column":28}},"loc":{"start":{"line":10,"column":33},"end":{"line":12,"column":3}},"line":10},"2":{"name":"(anonymous_2)","decl":{"start":{"line":14,"column":28},"end":{"line":14,"column":29}},"loc":{"start":{"line":14,"column":34},"end":{"line":14,"column":65}},"line":14}},"branchMap":{"0":{"loc":{"start":{"line":7,"column":37},"end":{"line":7,"column":58}},"type":"cond-expr","locations":[{"start":{"line":7,"column":47},"end":{"line":7,"column":53}},{"start":{"line":7,"column":56},"end":{"line":7,"column":58}}],"line":7},"1":{"loc":{"start":{"line":8,"column":37},"end":{"line":8,"column":58}},"type":"cond-expr","locations":[{"start":{"line":8,"column":47},"end":{"line":8,"column":49}},{"start":{"line":8,"column":52},"end":{"line":8,"column":58}}],"line":8}},"s":{"0":2,"1":9,"2":9,"3":9,"4":9,"5":4,"6":9,"7":2,"8":9,"9":2,"10":2},"f":{"0":9,"1":4,"2":2},"b":{"0":[3,6],"1":[3,6]},"_coverageSchema":"1a1c01bbd47fc00a2c39e90264f33305004495a9","hash":"4d375d9a0a7d0ac97c0de5a32512e41f1ce41584"}
,"C:\\Users\\PeikV\\Documents\\GitHub\\Full-Stack-Open-Part5\\src\\services\\blogs.js": {"path":"C:\\Users\\PeikV\\Documents\\GitHub\\Full-Stack-Open-Part5\\src\\services\\blogs.js","statementMap":{"0":{"start":{"line":2,"column":16},"end":{"line":2,"column":28}},"1":{"start":{"line":4,"column":12},"end":{"line":4,"column":16}},"2":{"start":{"line":5,"column":17},"end":{"line":5,"column":61}},"3":{"start":{"line":5,"column":31},"end":{"line":5,"column":59}},"4":{"start":{"line":7,"column":15},"end":{"line":10,"column":1}},"5":{"start":{"line":8,"column":18},"end":{"line":8,"column":36}},"6":{"start":{"line":9,"column":2},"end":{"line":9,"column":48}},"7":{"start":{"line":9,"column":34},"end":{"line":9,"column":47}},"8":{"start":{"line":12,"column":15},"end":{"line":16,"column":1}},"9":{"start":{"line":13,"column":17},"end":{"line":13,"column":54}},"10":{"start":{"line":14,"column":18},"end":{"line":14,"column":56}},"11":{"start":{"line":15,"column":2},"end":{"line":15,"column":50}},"12":{"start":{"line":15,"column":36},"end":{"line":15,"column":49}},"13":{"start":{"line":18,"column":13},"end":{"line":22,"column":1}},"14":{"start":{"line":19,"column":17},"end":{"line":19,"column":54}},"15":{"start":{"line":20,"column":18},"end":{"line":20,"column":66}},"16":{"start":{"line":21,"column":2},"end":{"line":21,"column":50}},"17":{"start":{"line":21,"column":36},"end":{"line":21,"column":49}},"18":{"start":{"line":24,"column":19},"end":{"line":28,"column":1}},"19":{"start":{"line":25,"column":17},"end":{"line":25,"column":54}},"20":{"start":{"line":26,"column":18},"end":{"line":26,"column":58}},"21":{"start":{"line":27,"column":2},"end":{"line":27,"column":50}},"22":{"start":{"line":27,"column":36},"end":{"line":27,"column":49}}},"fnMap":{"0":{"name":"(anonymous_0)","decl":{"start":{"line":5,"column":17},"end":{"line":5,"column":18}},"loc":{"start":{"line":5,"column":29},"end":{"line":5,"column":61}},"line":5},"1":{"name":"(anonymous_1)","decl":{"start":{"line":7,"column":15},"end":{"line":7,"column":16}},"loc":{"start":{"line":7,"column":21},"end":{"line":10,"column":1}},"line":7},"2":{"name":"(anonymous_2)","decl":{"start":{"line":9,"column":22},"end":{"line":9,"column":23}},"loc":{"start":{"line":9,"column":34},"end":{"line":9,"column":47}},"line":9},"3":{"name":"(anonymous_3)","decl":{"start":{"line":12,"column":15},"end":{"line":12,"column":16}},"loc":{"start":{"line":12,"column":30},"end":{"line":16,"column":1}},"line":12},"4":{"name":"(anonymous_4)","decl":{"start":{"line":15,"column":22},"end":{"line":15,"column":23}},"loc":{"start":{"line":15,"column":36},"end":{"line":15,"column":49}},"line":15},"5":{"name":"(anonymous_5)","decl":{"start":{"line":18,"column":13},"end":{"line":18,"column":14}},"loc":{"start":{"line":18,"column":32},"end":{"line":22,"column":1}},"line":18},"6":{"name":"(anonymous_6)","decl":{"start":{"line":21,"column":22},"end":{"line":21,"column":23}},"loc":{"start":{"line":21,"column":36},"end":{"line":21,"column":49}},"line":21},"7":{"name":"(anonymous_7)","decl":{"start":{"line":24,"column":19},"end":{"line":24,"column":20}},"loc":{"start":{"line":24,"column":27},"end":{"line":28,"column":1}},"line":24},"8":{"name":"(anonymous_8)","decl":{"start":{"line":27,"column":22},"end":{"line":27,"column":23}},"loc":{"start":{"line":27,"column":36},"end":{"line":27,"column":49}},"line":27}},"branchMap":{},"s":{"0":2,"1":2,"2":2,"3":0,"4":2,"5":0,"6":0,"7":0,"8":2,"9":0,"10":0,"11":0,"12":0,"13":2,"14":0,"15":0,"16":0,"17":0,"18":2,"19":0,"20":0,"21":0,"22":0},"f":{"0":0,"1":0,"2":0,"3":0,"4":0,"5":0,"6":0,"7":0,"8":0},"b":{},"_coverageSchema":"1a1c01bbd47fc00a2c39e90264f33305004495a9","hash":"195dc6f844679138413f525a33d65628b2e09486"}
,"C:\\Users\\PeikV\\Documents\\GitHub\\Full-Stack-Open-Part5\\src\\services\\login.js": {"path":"C:\\Users\\PeikV\\Documents\\GitHub\\Full-Stack-Open-Part5\\src\\services\\login.js","statementMap":{"0":{"start":{"line":2,"column":16},"end":{"line":2,"column":28}},"1":{"start":{"line":4,"column":14},"end":{"line":7,"column":1}},"2":{"start":{"line":5,"column":19},"end":{"line":5,"column":57}},"3":{"start":{"line":6,"column":2},"end":{"line":6,"column":22}}},"fnMap":{"0":{"name":"(anonymous_0)","decl":{"start":{"line":4,"column":14},"end":{"line":4,"column":15}},"loc":{"start":{"line":4,"column":35},"end":{"line":7,"column":1}},"line":4}},"branchMap":{},"s":{"0":0,"1":0,"2":0,"3":0},"f":{"0":0},"b":{}}
}
